<?xml version="1.0" encoding="UTF-8"?>
<coverage generated="1764202390902" clover="3.2.0">
  <project timestamp="1764202390902" name="All files">
    <metrics statements="102" coveredstatements="80" conditionals="69" coveredconditionals="43" methods="22" coveredmethods="15" elements="193" coveredelements="138" complexity="0" loc="102" ncloc="102" packages="1" files="1" classes="1"/>
    <file name="script.js" path="C:\Users\caio\Desktop\calculadora-aws\calculator-project\script.js">
      <metrics statements="102" coveredstatements="80" conditionals="69" coveredconditionals="43" methods="22" coveredmethods="15"/>
      <line num="2" count="3" type="stmt"/>
      <line num="3" count="5" type="stmt"/>
      <line num="4" count="4" type="stmt"/>
      <line num="5" count="5" type="stmt"/>
      <line num="7" count="3" type="cond" truecount="2" falsecount="0"/>
      <line num="8" count="2" type="stmt"/>
      <line num="10" count="4" type="stmt"/>
      <line num="12" count="4" type="cond" truecount="2" falsecount="0"/>
      <line num="13" count="3" type="stmt"/>
      <line num="18" count="3" type="stmt"/>
      <line num="24" count="40" type="stmt"/>
      <line num="26" count="40" type="cond" truecount="2" falsecount="0"/>
      <line num="27" count="13" type="cond" truecount="2" falsecount="2"/>
      <line num="29" count="13" type="cond" truecount="2" falsecount="2"/>
      <line num="30" count="0" type="stmt"/>
      <line num="33" count="13" type="stmt"/>
      <line num="34" count="13" type="cond" truecount="1" falsecount="1"/>
      <line num="35" count="13" type="stmt"/>
      <line num="37" count="13" type="cond" truecount="1" falsecount="1"/>
      <line num="38" count="0" type="stmt"/>
      <line num="39" count="0" type="stmt"/>
      <line num="42" count="13" type="stmt"/>
      <line num="44" count="27" type="cond" truecount="2" falsecount="2"/>
      <line num="45" count="27" type="stmt"/>
      <line num="46" count="27" type="cond" truecount="2" falsecount="0"/>
      <line num="51" count="38" type="stmt"/>
      <line num="59" count="38" type="cond" truecount="1" falsecount="1"/>
      <line num="63" count="2" type="stmt"/>
      <line num="64" count="2" type="cond" truecount="1" falsecount="1"/>
      <line num="65" count="2" type="cond" truecount="1" falsecount="1"/>
      <line num="67" count="2" type="stmt"/>
      <line num="68" count="2" type="stmt"/>
      <line num="70" count="2" type="stmt"/>
      <line num="71" count="2" type="stmt"/>
      <line num="72" count="2" type="stmt"/>
      <line num="73" count="2" type="stmt"/>
      <line num="75" count="0" type="stmt"/>
      <line num="80" count="11" type="cond" truecount="3" falsecount="1"/>
      <line num="82" count="11" type="stmt"/>
      <line num="83" count="11" type="stmt"/>
      <line num="84" count="11" type="stmt"/>
      <line num="87" count="11" type="cond" truecount="5" falsecount="1"/>
      <line num="89" count="3" type="stmt"/>
      <line num="90" count="3" type="stmt"/>
      <line num="92" count="2" type="stmt"/>
      <line num="93" count="2" type="stmt"/>
      <line num="95" count="3" type="stmt"/>
      <line num="96" count="3" type="stmt"/>
      <line num="98" count="1" type="stmt"/>
      <line num="99" count="1" type="stmt"/>
      <line num="101" count="2" type="stmt"/>
      <line num="102" count="2" type="stmt"/>
      <line num="104" count="0" type="stmt"/>
      <line num="107" count="11" type="stmt"/>
      <line num="110" count="11" type="stmt"/>
      <line num="111" count="11" type="stmt"/>
      <line num="112" count="11" type="stmt"/>
      <line num="114" count="0" type="stmt"/>
      <line num="120" count="37" type="cond" truecount="2" falsecount="0"/>
      <line num="121" count="2" type="stmt"/>
      <line num="125" count="35" type="cond" truecount="4" falsecount="0"/>
      <line num="126" count="1" type="stmt"/>
      <line num="130" count="34" type="stmt"/>
      <line num="133" count="34" type="stmt"/>
      <line num="137" count="0" type="stmt"/>
      <line num="138" count="0" type="stmt"/>
      <line num="139" count="0" type="stmt"/>
      <line num="140" count="0" type="stmt"/>
      <line num="144" count="2" type="stmt"/>
      <line num="145" count="2" type="stmt"/>
      <line num="146" count="2" type="stmt"/>
      <line num="147" count="2" type="stmt"/>
      <line num="151" count="1" type="stmt"/>
      <line num="152" count="1" type="stmt"/>
      <line num="158" count="1" type="stmt"/>
      <line num="159" count="4" type="stmt"/>
      <line num="161" count="4" type="cond" truecount="2" falsecount="0"/>
      <line num="162" count="2" type="stmt"/>
      <line num="163" count="2" type="cond" truecount="2" falsecount="0"/>
      <line num="164" count="1" type="stmt"/>
      <line num="165" count="1" type="cond" truecount="2" falsecount="2"/>
      <line num="166" count="1" type="stmt"/>
      <line num="167" count="0" type="cond" truecount="0" falsecount="5"/>
      <line num="168" count="0" type="stmt"/>
      <line num="169" count="0" type="cond" truecount="0" falsecount="2"/>
      <line num="170" count="0" type="stmt"/>
      <line num="171" count="0" type="cond" truecount="0" falsecount="2"/>
      <line num="172" count="0" type="stmt"/>
      <line num="179" count="3" type="stmt"/>
      <line num="180" count="0" type="stmt"/>
      <line num="184" count="3" type="stmt"/>
      <line num="185" count="0" type="stmt"/>
      <line num="188" count="3" type="stmt"/>
      <line num="189" count="0" type="stmt"/>
      <line num="192" count="3" type="stmt"/>
      <line num="193" count="0" type="stmt"/>
      <line num="196" count="3" type="stmt"/>
      <line num="197" count="0" type="stmt"/>
      <line num="200" count="3" type="stmt"/>
      <line num="201" count="0" type="stmt"/>
      <line num="205" count="3" type="cond" truecount="3" falsecount="1"/>
      <line num="206" count="3" type="stmt"/>
    </file>
  </project>
</coverage>
