{"C:\\Users\\caio\\Desktop\\calculadora-aws\\calculator-project\\script.js": {"path":"C:\\Users\\caio\\Desktop\\calculadora-aws\\calculator-project\\script.js","statementMap":{"0":{"start":{"line":2,"column":19},"end":{"line":15,"column":1}},"1":{"start":{"line":3,"column":19},"end":{"line":3,"column":24}},"2":{"start":{"line":4,"column":24},"end":{"line":4,"column":29}},"3":{"start":{"line":5,"column":24},"end":{"line":5,"column":29}},"4":{"start":{"line":7,"column":8},"end":{"line":7,"column":57}},"5":{"start":{"line":7,"column":21},"end":{"line":7,"column":57}},"6":{"start":{"line":8,"column":8},"end":{"line":8,"column":21}},"7":{"start":{"line":10,"column":21},"end":{"line":10,"column":35}},"8":{"start":{"line":12,"column":8},"end":{"line":12,"column":71}},"9":{"start":{"line":12,"column":19},"end":{"line":12,"column":71}},"10":{"start":{"line":13,"column":8},"end":{"line":13,"column":28}},"11":{"start":{"line":18,"column":21},"end":{"line":176,"column":1}},"12":{"start":{"line":24,"column":24},"end":{"line":24,"column":58}},"13":{"start":{"line":26,"column":8},"end":{"line":47,"column":9}},"14":{"start":{"line":27,"column":12},"end":{"line":27,"column":66}},"15":{"start":{"line":27,"column":59},"end":{"line":27,"column":66}},"16":{"start":{"line":29,"column":12},"end":{"line":31,"column":13}},"17":{"start":{"line":30,"column":16},"end":{"line":30,"column":33}},"18":{"start":{"line":33,"column":12},"end":{"line":33,"column":34}},"19":{"start":{"line":34,"column":12},"end":{"line":34,"column":58}},"20":{"start":{"line":35,"column":12},"end":{"line":35,"column":35}},"21":{"start":{"line":37,"column":12},"end":{"line":40,"column":13}},"22":{"start":{"line":38,"column":16},"end":{"line":38,"column":40}},"23":{"start":{"line":39,"column":16},"end":{"line":39,"column":23}},"24":{"start":{"line":42,"column":12},"end":{"line":42,"column":91}},"25":{"start":{"line":44,"column":12},"end":{"line":44,"column":73}},"26":{"start":{"line":44,"column":66},"end":{"line":44,"column":73}},"27":{"start":{"line":45,"column":12},"end":{"line":45,"column":39}},"28":{"start":{"line":46,"column":12},"end":{"line":46,"column":142}},"29":{"start":{"line":51,"column":24},"end":{"line":58,"column":9}},"30":{"start":{"line":59,"column":8},"end":{"line":59,"column":33}},"31":{"start":{"line":63,"column":8},"end":{"line":76,"column":9}},"32":{"start":{"line":64,"column":26},"end":{"line":64,"column":65}},"33":{"start":{"line":65,"column":12},"end":{"line":65,"column":31}},"34":{"start":{"line":65,"column":24},"end":{"line":65,"column":31}},"35":{"start":{"line":67,"column":24},"end":{"line":67,"column":41}},"36":{"start":{"line":68,"column":27},"end":{"line":68,"column":53}},"37":{"start":{"line":70,"column":12},"end":{"line":70,"column":98}},"38":{"start":{"line":71,"column":12},"end":{"line":71,"column":69}},"39":{"start":{"line":72,"column":12},"end":{"line":72,"column":31}},"40":{"start":{"line":73,"column":12},"end":{"line":73,"column":36}},"41":{"start":{"line":75,"column":12},"end":{"line":75,"column":42}},"42":{"start":{"line":80,"column":8},"end":{"line":80,"column":63}},"43":{"start":{"line":80,"column":56},"end":{"line":80,"column":63}},"44":{"start":{"line":82,"column":8},"end":{"line":115,"column":9}},"45":{"start":{"line":83,"column":25},"end":{"line":83,"column":55}},"46":{"start":{"line":84,"column":25},"end":{"line":84,"column":54}},"47":{"start":{"line":87,"column":12},"end":{"line":105,"column":13}},"48":{"start":{"line":89,"column":20},"end":{"line":89,"column":56}},"49":{"start":{"line":90,"column":20},"end":{"line":90,"column":26}},"50":{"start":{"line":92,"column":20},"end":{"line":92,"column":61}},"51":{"start":{"line":93,"column":20},"end":{"line":93,"column":26}},"52":{"start":{"line":95,"column":20},"end":{"line":95,"column":61}},"53":{"start":{"line":96,"column":20},"end":{"line":96,"column":26}},"54":{"start":{"line":98,"column":20},"end":{"line":98,"column":59}},"55":{"start":{"line":99,"column":20},"end":{"line":99,"column":26}},"56":{"start":{"line":101,"column":20},"end":{"line":101,"column":58}},"57":{"start":{"line":102,"column":20},"end":{"line":102,"column":26}},"58":{"start":{"line":104,"column":20},"end":{"line":104,"column":27}},"59":{"start":{"line":107,"column":12},"end":{"line":108,"column":133}},"60":{"start":{"line":110,"column":12},"end":{"line":110,"column":69}},"61":{"start":{"line":111,"column":12},"end":{"line":111,"column":31}},"62":{"start":{"line":112,"column":12},"end":{"line":112,"column":36}},"63":{"start":{"line":114,"column":12},"end":{"line":114,"column":42}},"64":{"start":{"line":120,"column":8},"end":{"line":122,"column":9}},"65":{"start":{"line":121,"column":12},"end":{"line":121,"column":64}},"66":{"start":{"line":125,"column":8},"end":{"line":127,"column":9}},"67":{"start":{"line":126,"column":12},"end":{"line":126,"column":55}},"68":{"start":{"line":130,"column":24},"end":{"line":130,"column":54}},"69":{"start":{"line":133,"column":8},"end":{"line":133,"column":46}},"70":{"start":{"line":137,"column":8},"end":{"line":137,"column":70}},"71":{"start":{"line":138,"column":8},"end":{"line":138,"column":31}},"72":{"start":{"line":139,"column":8},"end":{"line":139,"column":27}},"73":{"start":{"line":140,"column":8},"end":{"line":140,"column":32}},"74":{"start":{"line":144,"column":8},"end":{"line":144,"column":31}},"75":{"start":{"line":145,"column":8},"end":{"line":145,"column":27}},"76":{"start":{"line":146,"column":8},"end":{"line":146,"column":32}},"77":{"start":{"line":147,"column":8},"end":{"line":147,"column":54}},"78":{"start":{"line":151,"column":8},"end":{"line":151,"column":31}},"79":{"start":{"line":152,"column":8},"end":{"line":153,"column":104}},"80":{"start":{"line":158,"column":8},"end":{"line":174,"column":11}},"81":{"start":{"line":159,"column":24},"end":{"line":159,"column":33}},"82":{"start":{"line":161,"column":12},"end":{"line":173,"column":13}},"83":{"start":{"line":162,"column":16},"end":{"line":162,"column":42}},"84":{"start":{"line":163,"column":19},"end":{"line":173,"column":13}},"85":{"start":{"line":164,"column":16},"end":{"line":164,"column":42}},"86":{"start":{"line":165,"column":19},"end":{"line":173,"column":13}},"87":{"start":{"line":166,"column":16},"end":{"line":166,"column":33}},"88":{"start":{"line":167,"column":19},"end":{"line":173,"column":13}},"89":{"start":{"line":168,"column":16},"end":{"line":168,"column":36}},"90":{"start":{"line":169,"column":19},"end":{"line":173,"column":13}},"91":{"start":{"line":170,"column":16},"end":{"line":170,"column":42}},"92":{"start":{"line":171,"column":19},"end":{"line":173,"column":13}},"93":{"start":{"line":172,"column":16},"end":{"line":172,"column":34}},"94":{"start":{"line":179,"column":0},"end":{"line":181,"column":3}},"95":{"start":{"line":180,"column":4},"end":{"line":180,"column":40}},"96":{"start":{"line":184,"column":0},"end":{"line":186,"column":2}},"97":{"start":{"line":185,"column":4},"end":{"line":185,"column":40}},"98":{"start":{"line":188,"column":0},"end":{"line":190,"column":2}},"99":{"start":{"line":189,"column":4},"end":{"line":189,"column":29}},"100":{"start":{"line":192,"column":0},"end":{"line":194,"column":2}},"101":{"start":{"line":193,"column":4},"end":{"line":193,"column":32}},"102":{"start":{"line":196,"column":0},"end":{"line":198,"column":2}},"103":{"start":{"line":197,"column":4},"end":{"line":197,"column":30}},"104":{"start":{"line":200,"column":0},"end":{"line":202,"column":2}},"105":{"start":{"line":201,"column":4},"end":{"line":201,"column":36}},"106":{"start":{"line":205,"column":0},"end":{"line":207,"column":1}},"107":{"start":{"line":206,"column":4},"end":{"line":206,"column":50}}},"fnMap":{"0":{"name":"(anonymous_0)","decl":{"start":{"line":3,"column":9},"end":{"line":3,"column":10}},"loc":{"start":{"line":3,"column":19},"end":{"line":3,"column":24}},"line":3},"1":{"name":"(anonymous_1)","decl":{"start":{"line":4,"column":14},"end":{"line":4,"column":15}},"loc":{"start":{"line":4,"column":24},"end":{"line":4,"column":29}},"line":4},"2":{"name":"(anonymous_2)","decl":{"start":{"line":5,"column":14},"end":{"line":5,"column":15}},"loc":{"start":{"line":5,"column":24},"end":{"line":5,"column":29}},"line":5},"3":{"name":"(anonymous_3)","decl":{"start":{"line":6,"column":12},"end":{"line":6,"column":13}},"loc":{"start":{"line":6,"column":22},"end":{"line":9,"column":5}},"line":6},"4":{"name":"(anonymous_4)","decl":{"start":{"line":10,"column":11},"end":{"line":10,"column":12}},"loc":{"start":{"line":10,"column":21},"end":{"line":10,"column":35}},"line":10},"5":{"name":"(anonymous_5)","decl":{"start":{"line":11,"column":16},"end":{"line":11,"column":17}},"loc":{"start":{"line":11,"column":23},"end":{"line":14,"column":5}},"line":11},"6":{"name":"(anonymous_6)","decl":{"start":{"line":23,"column":21},"end":{"line":23,"column":22}},"loc":{"start":{"line":23,"column":37},"end":{"line":48,"column":5}},"line":23},"7":{"name":"(anonymous_7)","decl":{"start":{"line":50,"column":23},"end":{"line":50,"column":24}},"loc":{"start":{"line":50,"column":36},"end":{"line":60,"column":5}},"line":50},"8":{"name":"(anonymous_8)","decl":{"start":{"line":62,"column":22},"end":{"line":62,"column":23}},"loc":{"start":{"line":62,"column":33},"end":{"line":77,"column":5}},"line":62},"9":{"name":"(anonymous_9)","decl":{"start":{"line":79,"column":15},"end":{"line":79,"column":16}},"loc":{"start":{"line":79,"column":26},"end":{"line":116,"column":5}},"line":79},"10":{"name":"(anonymous_10)","decl":{"start":{"line":118,"column":18},"end":{"line":118,"column":19}},"loc":{"start":{"line":118,"column":35},"end":{"line":134,"column":5}},"line":118},"11":{"name":"(anonymous_11)","decl":{"start":{"line":136,"column":15},"end":{"line":136,"column":16}},"loc":{"start":{"line":136,"column":33},"end":{"line":141,"column":5}},"line":136},"12":{"name":"(anonymous_12)","decl":{"start":{"line":143,"column":18},"end":{"line":143,"column":19}},"loc":{"start":{"line":143,"column":29},"end":{"line":148,"column":5}},"line":143},"13":{"name":"(anonymous_13)","decl":{"start":{"line":150,"column":16},"end":{"line":150,"column":17}},"loc":{"start":{"line":150,"column":27},"end":{"line":154,"column":5}},"line":150},"14":{"name":"(anonymous_14)","decl":{"start":{"line":157,"column":26},"end":{"line":157,"column":27}},"loc":{"start":{"line":157,"column":37},"end":{"line":175,"column":5}},"line":157},"15":{"name":"(anonymous_15)","decl":{"start":{"line":158,"column":45},"end":{"line":158,"column":46}},"loc":{"start":{"line":158,"column":56},"end":{"line":174,"column":9}},"line":158},"16":{"name":"(anonymous_16)","decl":{"start":{"line":179,"column":46},"end":{"line":179,"column":47}},"loc":{"start":{"line":179,"column":57},"end":{"line":181,"column":1}},"line":179},"17":{"name":"(anonymous_17)","decl":{"start":{"line":184,"column":25},"end":{"line":184,"column":26}},"loc":{"start":{"line":184,"column":41},"end":{"line":186,"column":1}},"line":184},"18":{"name":"(anonymous_18)","decl":{"start":{"line":188,"column":19},"end":{"line":188,"column":20}},"loc":{"start":{"line":188,"column":30},"end":{"line":190,"column":1}},"line":188},"19":{"name":"(anonymous_19)","decl":{"start":{"line":192,"column":22},"end":{"line":192,"column":23}},"loc":{"start":{"line":192,"column":33},"end":{"line":194,"column":1}},"line":192},"20":{"name":"(anonymous_20)","decl":{"start":{"line":196,"column":20},"end":{"line":196,"column":21}},"loc":{"start":{"line":196,"column":31},"end":{"line":198,"column":1}},"line":196},"21":{"name":"(anonymous_21)","decl":{"start":{"line":200,"column":26},"end":{"line":200,"column":27}},"loc":{"start":{"line":200,"column":37},"end":{"line":202,"column":1}},"line":200}},"branchMap":{"0":{"loc":{"start":{"line":7,"column":8},"end":{"line":7,"column":57}},"type":"if","locations":[{"start":{"line":7,"column":8},"end":{"line":7,"column":57}},{"start":{},"end":{}}],"line":7},"1":{"loc":{"start":{"line":12,"column":8},"end":{"line":12,"column":71}},"type":"if","locations":[{"start":{"line":12,"column":8},"end":{"line":12,"column":71}},{"start":{},"end":{}}],"line":12},"2":{"loc":{"start":{"line":26,"column":8},"end":{"line":47,"column":9}},"type":"if","locations":[{"start":{"line":26,"column":8},"end":{"line":47,"column":9}},{"start":{"line":43,"column":15},"end":{"line":47,"column":9}}],"line":26},"3":{"loc":{"start":{"line":27,"column":12},"end":{"line":27,"column":66}},"type":"if","locations":[{"start":{"line":27,"column":12},"end":{"line":27,"column":66}},{"start":{},"end":{}}],"line":27},"4":{"loc":{"start":{"line":27,"column":16},"end":{"line":27,"column":57}},"type":"binary-expr","locations":[{"start":{"line":27,"column":16},"end":{"line":27,"column":40}},{"start":{"line":27,"column":44},"end":{"line":27,"column":57}}],"line":27},"5":{"loc":{"start":{"line":29,"column":12},"end":{"line":31,"column":13}},"type":"if","locations":[{"start":{"line":29,"column":12},"end":{"line":31,"column":13}},{"start":{},"end":{}}],"line":29},"6":{"loc":{"start":{"line":29,"column":16},"end":{"line":29,"column":50}},"type":"binary-expr","locations":[{"start":{"line":29,"column":16},"end":{"line":29,"column":29}},{"start":{"line":29,"column":33},"end":{"line":29,"column":50}}],"line":29},"7":{"loc":{"start":{"line":34,"column":33},"end":{"line":34,"column":57}},"type":"binary-expr","locations":[{"start":{"line":34,"column":33},"end":{"line":34,"column":50}},{"start":{"line":34,"column":54},"end":{"line":34,"column":57}}],"line":34},"8":{"loc":{"start":{"line":37,"column":12},"end":{"line":40,"column":13}},"type":"if","locations":[{"start":{"line":37,"column":12},"end":{"line":40,"column":13}},{"start":{},"end":{}}],"line":37},"9":{"loc":{"start":{"line":44,"column":12},"end":{"line":44,"column":73}},"type":"if","locations":[{"start":{"line":44,"column":12},"end":{"line":44,"column":73}},{"start":{},"end":{}}],"line":44},"10":{"loc":{"start":{"line":44,"column":16},"end":{"line":44,"column":64}},"type":"binary-expr","locations":[{"start":{"line":44,"column":16},"end":{"line":44,"column":29}},{"start":{"line":44,"column":33},"end":{"line":44,"column":64}}],"line":44},"11":{"loc":{"start":{"line":46,"column":29},"end":{"line":46,"column":120}},"type":"cond-expr","locations":[{"start":{"line":46,"column":45},"end":{"line":46,"column":115}},{"start":{"line":46,"column":118},"end":{"line":46,"column":120}}],"line":46},"12":{"loc":{"start":{"line":59,"column":15},"end":{"line":59,"column":32}},"type":"binary-expr","locations":[{"start":{"line":59,"column":15},"end":{"line":59,"column":26}},{"start":{"line":59,"column":30},"end":{"line":59,"column":32}}],"line":59},"13":{"loc":{"start":{"line":64,"column":26},"end":{"line":64,"column":65}},"type":"binary-expr","locations":[{"start":{"line":64,"column":26},"end":{"line":64,"column":43}},{"start":{"line":64,"column":47},"end":{"line":64,"column":65}}],"line":64},"14":{"loc":{"start":{"line":65,"column":12},"end":{"line":65,"column":31}},"type":"if","locations":[{"start":{"line":65,"column":12},"end":{"line":65,"column":31}},{"start":{},"end":{}}],"line":65},"15":{"loc":{"start":{"line":80,"column":8},"end":{"line":80,"column":63}},"type":"if","locations":[{"start":{"line":80,"column":8},"end":{"line":80,"column":63}},{"start":{},"end":{}}],"line":80},"16":{"loc":{"start":{"line":80,"column":12},"end":{"line":80,"column":54}},"type":"binary-expr","locations":[{"start":{"line":80,"column":12},"end":{"line":80,"column":26}},{"start":{"line":80,"column":30},"end":{"line":80,"column":54}}],"line":80},"17":{"loc":{"start":{"line":87,"column":12},"end":{"line":105,"column":13}},"type":"switch","locations":[{"start":{"line":88,"column":16},"end":{"line":90,"column":26}},{"start":{"line":91,"column":16},"end":{"line":93,"column":26}},{"start":{"line":94,"column":16},"end":{"line":96,"column":26}},{"start":{"line":97,"column":16},"end":{"line":99,"column":26}},{"start":{"line":100,"column":16},"end":{"line":102,"column":26}},{"start":{"line":103,"column":16},"end":{"line":104,"column":27}}],"line":87},"18":{"loc":{"start":{"line":120,"column":8},"end":{"line":122,"column":9}},"type":"if","locations":[{"start":{"line":120,"column":8},"end":{"line":122,"column":9}},{"start":{},"end":{}}],"line":120},"19":{"loc":{"start":{"line":125,"column":8},"end":{"line":127,"column":9}},"type":"if","locations":[{"start":{"line":125,"column":8},"end":{"line":127,"column":9}},{"start":{},"end":{}}],"line":125},"20":{"loc":{"start":{"line":125,"column":12},"end":{"line":125,"column":61}},"type":"binary-expr","locations":[{"start":{"line":125,"column":12},"end":{"line":125,"column":35}},{"start":{"line":125,"column":39},"end":{"line":125,"column":61}}],"line":125},"21":{"loc":{"start":{"line":153,"column":12},"end":{"line":153,"column":103}},"type":"cond-expr","locations":[{"start":{"line":153,"column":28},"end":{"line":153,"column":98}},{"start":{"line":153,"column":101},"end":{"line":153,"column":103}}],"line":153},"22":{"loc":{"start":{"line":161,"column":12},"end":{"line":173,"column":13}},"type":"if","locations":[{"start":{"line":161,"column":12},"end":{"line":173,"column":13}},{"start":{"line":163,"column":19},"end":{"line":173,"column":13}}],"line":161},"23":{"loc":{"start":{"line":163,"column":19},"end":{"line":173,"column":13}},"type":"if","locations":[{"start":{"line":163,"column":19},"end":{"line":173,"column":13}},{"start":{"line":165,"column":19},"end":{"line":173,"column":13}}],"line":163},"24":{"loc":{"start":{"line":165,"column":19},"end":{"line":173,"column":13}},"type":"if","locations":[{"start":{"line":165,"column":19},"end":{"line":173,"column":13}},{"start":{"line":167,"column":19},"end":{"line":173,"column":13}}],"line":165},"25":{"loc":{"start":{"line":165,"column":23},"end":{"line":165,"column":53}},"type":"binary-expr","locations":[{"start":{"line":165,"column":23},"end":{"line":165,"column":38}},{"start":{"line":165,"column":42},"end":{"line":165,"column":53}}],"line":165},"26":{"loc":{"start":{"line":167,"column":19},"end":{"line":173,"column":13}},"type":"if","locations":[{"start":{"line":167,"column":19},"end":{"line":173,"column":13}},{"start":{"line":169,"column":19},"end":{"line":173,"column":13}}],"line":167},"27":{"loc":{"start":{"line":167,"column":23},"end":{"line":167,"column":69}},"type":"binary-expr","locations":[{"start":{"line":167,"column":23},"end":{"line":167,"column":39}},{"start":{"line":167,"column":43},"end":{"line":167,"column":54}},{"start":{"line":167,"column":58},"end":{"line":167,"column":69}}],"line":167},"28":{"loc":{"start":{"line":169,"column":19},"end":{"line":173,"column":13}},"type":"if","locations":[{"start":{"line":169,"column":19},"end":{"line":173,"column":13}},{"start":{"line":171,"column":19},"end":{"line":173,"column":13}}],"line":169},"29":{"loc":{"start":{"line":171,"column":19},"end":{"line":173,"column":13}},"type":"if","locations":[{"start":{"line":171,"column":19},"end":{"line":173,"column":13}},{"start":{},"end":{}}],"line":171},"30":{"loc":{"start":{"line":205,"column":0},"end":{"line":207,"column":1}},"type":"if","locations":[{"start":{"line":205,"column":0},"end":{"line":207,"column":1}},{"start":{},"end":{}}],"line":205},"31":{"loc":{"start":{"line":205,"column":4},"end":{"line":205,"column":51}},"type":"binary-expr","locations":[{"start":{"line":205,"column":4},"end":{"line":205,"column":33}},{"start":{"line":205,"column":37},"end":{"line":205,"column":51}}],"line":205}},"s":{"0":3,"1":5,"2":4,"3":5,"4":3,"5":1,"6":2,"7":4,"8":4,"9":1,"10":3,"11":3,"12":40,"13":40,"14":13,"15":0,"16":13,"17":0,"18":13,"19":13,"20":13,"21":13,"22":0,"23":0,"24":13,"25":27,"26":0,"27":27,"28":27,"29":38,"30":38,"31":2,"32":2,"33":2,"34":0,"35":2,"36":2,"37":2,"38":2,"39":2,"40":2,"41":0,"42":11,"43":0,"44":11,"45":11,"46":11,"47":11,"48":3,"49":3,"50":2,"51":2,"52":3,"53":3,"54":1,"55":1,"56":2,"57":2,"58":0,"59":11,"60":11,"61":11,"62":11,"63":0,"64":37,"65":2,"66":35,"67":1,"68":34,"69":34,"70":0,"71":0,"72":0,"73":0,"74":2,"75":2,"76":2,"77":2,"78":1,"79":1,"80":1,"81":4,"82":4,"83":2,"84":2,"85":1,"86":1,"87":1,"88":0,"89":0,"90":0,"91":0,"92":0,"93":0,"94":3,"95":0,"96":3,"97":0,"98":3,"99":0,"100":3,"101":0,"102":3,"103":0,"104":3,"105":0,"106":3,"107":3},"f":{"0":5,"1":4,"2":5,"3":3,"4":4,"5":4,"6":40,"7":38,"8":2,"9":11,"10":37,"11":0,"12":2,"13":1,"14":1,"15":4,"16":0,"17":0,"18":0,"19":0,"20":0,"21":0},"b":{"0":[1,2],"1":[1,3],"2":[13,27],"3":[0,13],"4":[13,0],"5":[0,13],"6":[13,0],"7":[13,0],"8":[0,13],"9":[0,27],"10":[27,0],"11":[13,14],"12":[38,0],"13":[2,0],"14":[0,2],"15":[0,11],"16":[11,11],"17":[3,2,3,1,2,0],"18":[2,35],"19":[1,34],"20":[35,34],"21":[1,0],"22":[2,2],"23":[1,1],"24":[1,0],"25":[1,0],"26":[0,0],"27":[0,0,0],"28":[0,0],"29":[0,0],"30":[3,0],"31":[3,3]},"_coverageSchema":"1a1c01bbd47fc00a2c39e90264f33305004495a9","hash":"3b08b5d7e4734a591fd67fabad189a39035addf9"}
}
