TN:
SF:script.js
FN:3,(anonymous_0)
FN:4,(anonymous_1)
FN:5,(anonymous_2)
FN:6,(anonymous_3)
FN:10,(anonymous_4)
FN:11,(anonymous_5)
FN:23,(anonymous_6)
FN:50,(anonymous_7)
FN:62,(anonymous_8)
FN:79,(anonymous_9)
FN:118,(anonymous_10)
FN:136,(anonymous_11)
FN:143,(anonymous_12)
FN:150,(anonymous_13)
FN:157,(anonymous_14)
FN:158,(anonymous_15)
FN:179,(anonymous_16)
FN:184,(anonymous_17)
FN:188,(anonymous_18)
FN:192,(anonymous_19)
FN:196,(anonymous_20)
FN:200,(anonymous_21)
FNF:22
FNH:15
FNDA:5,(anonymous_0)
FNDA:4,(anonymous_1)
FNDA:5,(anonymous_2)
FNDA:3,(anonymous_3)
FNDA:4,(anonymous_4)
FNDA:4,(anonymous_5)
FNDA:40,(anonymous_6)
FNDA:38,(anonymous_7)
FNDA:2,(anonymous_8)
FNDA:11,(anonymous_9)
FNDA:37,(anonymous_10)
FNDA:0,(anonymous_11)
FNDA:2,(anonymous_12)
FNDA:1,(anonymous_13)
FNDA:1,(anonymous_14)
FNDA:4,(anonymous_15)
FNDA:0,(anonymous_16)
FNDA:0,(anonymous_17)
FNDA:0,(anonymous_18)
FNDA:0,(anonymous_19)
FNDA:0,(anonymous_20)
FNDA:0,(anonymous_21)
DA:2,3
DA:3,5
DA:4,4
DA:5,5
DA:7,3
DA:8,2
DA:10,4
DA:12,4
DA:13,3
DA:18,3
DA:24,40
DA:26,40
DA:27,13
DA:29,13
DA:30,0
DA:33,13
DA:34,13
DA:35,13
DA:37,13
DA:38,0
DA:39,0
DA:42,13
DA:44,27
DA:45,27
DA:46,27
DA:51,38
DA:59,38
DA:63,2
DA:64,2
DA:65,2
DA:67,2
DA:68,2
DA:70,2
DA:71,2
DA:72,2
DA:73,2
DA:75,0
DA:80,11
DA:82,11
DA:83,11
DA:84,11
DA:87,11
DA:89,3
DA:90,3
DA:92,2
DA:93,2
DA:95,3
DA:96,3
DA:98,1
DA:99,1
DA:101,2
DA:102,2
DA:104,0
DA:107,11
DA:110,11
DA:111,11
DA:112,11
DA:114,0
DA:120,37
DA:121,2
DA:125,35
DA:126,1
DA:130,34
DA:133,34
DA:137,0
DA:138,0
DA:139,0
DA:140,0
DA:144,2
DA:145,2
DA:146,2
DA:147,2
DA:151,1
DA:152,1
DA:158,1
DA:159,4
DA:161,4
DA:162,2
DA:163,2
DA:164,1
DA:165,1
DA:166,1
DA:167,0
DA:168,0
DA:169,0
DA:170,0
DA:171,0
DA:172,0
DA:179,3
DA:180,0
DA:184,3
DA:185,0
DA:188,3
DA:189,0
DA:192,3
DA:193,0
DA:196,3
DA:197,0
DA:200,3
DA:201,0
DA:205,3
DA:206,3
LF:102
LH:80
BRDA:7,0,0,1
BRDA:7,0,1,2
BRDA:12,1,0,1
BRDA:12,1,1,3
BRDA:26,2,0,13
BRDA:26,2,1,27
BRDA:27,3,0,0
BRDA:27,3,1,13
BRDA:27,4,0,13
BRDA:27,4,1,0
BRDA:29,5,0,0
BRDA:29,5,1,13
BRDA:29,6,0,13
BRDA:29,6,1,0
BRDA:34,7,0,13
BRDA:34,7,1,0
BRDA:37,8,0,0
BRDA:37,8,1,13
BRDA:44,9,0,0
BRDA:44,9,1,27
BRDA:44,10,0,27
BRDA:44,10,1,0
BRDA:46,11,0,13
BRDA:46,11,1,14
BRDA:59,12,0,38
BRDA:59,12,1,0
BRDA:64,13,0,2
BRDA:64,13,1,0
BRDA:65,14,0,0
BRDA:65,14,1,2
BRDA:80,15,0,0
BRDA:80,15,1,11
BRDA:80,16,0,11
BRDA:80,16,1,11
BRDA:87,17,0,3
BRDA:87,17,1,2
BRDA:87,17,2,3
BRDA:87,17,3,1
BRDA:87,17,4,2
BRDA:87,17,5,0
BRDA:120,18,0,2
BRDA:120,18,1,35
BRDA:125,19,0,1
BRDA:125,19,1,34
BRDA:125,20,0,35
BRDA:125,20,1,34
BRDA:153,21,0,1
BRDA:153,21,1,0
BRDA:161,22,0,2
BRDA:161,22,1,2
BRDA:163,23,0,1
BRDA:163,23,1,1
BRDA:165,24,0,1
BRDA:165,24,1,0
BRDA:165,25,0,1
BRDA:165,25,1,0
BRDA:167,26,0,0
BRDA:167,26,1,0
BRDA:167,27,0,0
BRDA:167,27,1,0
BRDA:167,27,2,0
BRDA:169,28,0,0
BRDA:169,28,1,0
BRDA:171,29,0,0
BRDA:171,29,1,0
BRDA:205,30,0,3
BRDA:205,30,1,0
BRDA:205,31,0,3
BRDA:205,31,1,3
BRF:69
BRH:43
end_of_record
